<?xml version="1.0" encoding="UTF-8"?>
<testsuite name="TemaTest.AppTest" tests="134" skipped="0" failures="0" errors="0" timestamp="2023-12-08T15:10:03" hostname="DESKTOP-7HK2H73" time="0.246">
  <properties/>
  <testcase name="testCommentPostWithOver300Characters()" classname="TemaTest.AppTest" time="0.017"/>
  <testcase name="testGetFollowingUsernameDoesNotExists()" classname="TemaTest.AppTest" time="0.0"/>
  <testcase name="testCreatePostNoPassword()" classname="TemaTest.AppTest" time="0.0"/>
  <testcase name="testUnlikeCommentSuccessfully()" classname="TemaTest.AppTest" time="0.001"/>
  <testcase name="testDeletePostNotValid()" classname="TemaTest.AppTest" time="0.001"/>
  <testcase name="testUnlikeCommentAlreadyLiked()" classname="TemaTest.AppTest" time="0.002"/>
  <testcase name="testLikePostNotFound()" classname="TemaTest.AppTest" time="0.001"/>
  <testcase name="testGetMostFollowedPostsNoUsername()" classname="TemaTest.AppTest" time="0.001"/>
  <testcase name="testDeleteCommentLoginCredentialsAreWrong()" classname="TemaTest.AppTest" time="0.0"/>
  <testcase name="testUnlikePostNoPassword()" classname="TemaTest.AppTest" time="0.0"/>
  <testcase name="testLikePostSuccessfully()" classname="TemaTest.AppTest" time="0.001"/>
  <testcase name="testLikePostAlreadyLiked()" classname="TemaTest.AppTest" time="0.001"/>
  <testcase name="testCommentPostLoginCredentialsAreWrong()" classname="TemaTest.AppTest" time="0.0"/>
  <testcase name="testGetMostLikedUsersSuccessfully()" classname="TemaTest.AppTest" time="0.004"/>
  <testcase name="testGetFollowersNotFound()" classname="TemaTest.AppTest" time="0.001"/>
  <testcase name="testDeletePostNoPassword()" classname="TemaTest.AppTest" time="0.001"/>
  <testcase name="testGetMostLikedUsersNoUsername()" classname="TemaTest.AppTest" time="0.0"/>
  <testcase name="testLikeCommentLoginCredentialsAreWrong()" classname="TemaTest.AppTest" time="0.0"/>
  <testcase name="testFollowSuccessfully()" classname="TemaTest.AppTest" time="0.001"/>
  <testcase name="testCommentPostNoUsername()" classname="TemaTest.AppTest" time="0.0"/>
  <testcase name="testUnfollowIdWrong()" classname="TemaTest.AppTest" time="0.0"/>
  <testcase name="testUnfollowLoginCredentialsAreWrong()" classname="TemaTest.AppTest" time="0.0"/>
  <testcase name="testLikePostLoginCredentialsAreWrong()" classname="TemaTest.AppTest" time="0.001"/>
  <testcase name="testGetFollowersLoginCredentialsAreWrong()" classname="TemaTest.AppTest" time="0.001"/>
  <testcase name="testGetMostLikedPostsUsernameDoesNotExists()" classname="TemaTest.AppTest" time="0.0"/>
  <testcase name="testCreatePostWithOver300Characters()" classname="TemaTest.AppTest" time="0.001"/>
  <testcase name="testGetMostCommentedPostsUsernameDoesNotExists()" classname="TemaTest.AppTest" time="0.001"/>
  <testcase name="testDummy()" classname="TemaTest.AppTest" time="0.0"/>
  <testcase name="testCreatePostSuccessfully()" classname="TemaTest.AppTest" time="0.001"/>
  <testcase name="testUserPostsNoPassword()" classname="TemaTest.AppTest" time="0.001"/>
  <testcase name="testUserPostsUsernameDoesNotExists()" classname="TemaTest.AppTest" time="0.0"/>
  <testcase name="testGetFollowingNoPassword()" classname="TemaTest.AppTest" time="0.001"/>
  <testcase name="testFollowNoUsername()" classname="TemaTest.AppTest" time="0.001"/>
  <testcase name="testDeleteCommentNoPassword()" classname="TemaTest.AppTest" time="0.0"/>
  <testcase name="testCreateUserNoUsername()" classname="TemaTest.AppTest" time="0.001"/>
  <testcase name="testGetFollowingSuccessfully()" classname="TemaTest.AppTest" time="0.001"/>
  <testcase name="testFollowingsUsernameDoesNotExists()" classname="TemaTest.AppTest" time="0.0"/>
  <testcase name="testGetFollowersNoUsername()" classname="TemaTest.AppTest" time="0.001"/>
  <testcase name="testDeleteCommentNotFound()" classname="TemaTest.AppTest" time="0.001"/>
  <testcase name="testUnlikeCommentIdWrong()" classname="TemaTest.AppTest" time="0.001"/>
  <testcase name="testLikeCommentNoUsername()" classname="TemaTest.AppTest" time="0.0"/>
  <testcase name="testGetMostFollowedPostsSuccessfully()" classname="TemaTest.AppTest" time="0.002"/>
  <testcase name="testFollowingsNoPassword()" classname="TemaTest.AppTest" time="0.001"/>
  <testcase name="testUnlikeCommentNoPassword()" classname="TemaTest.AppTest" time="0.0"/>
  <testcase name="testPostDetailsSuccessfully()" classname="TemaTest.AppTest" time="0.018"/>
  <testcase name="testLikeCommentUsernameDoesNotExists()" classname="TemaTest.AppTest" time="0.0"/>
  <testcase name="testPostDetailsNoUsername()" classname="TemaTest.AppTest" time="0.0"/>
  <testcase name="testFollowingsLoginCredentialsAreWrong()" classname="TemaTest.AppTest" time="0.0"/>
  <testcase name="testPostDetailsIdWrong()" classname="TemaTest.AppTest" time="0.001"/>
  <testcase name="testGetMostLikedPostsNoPassword()" classname="TemaTest.AppTest" time="0.0"/>
  <testcase name="testGetMostLikedUsersLoginCredentialsAreWrong()" classname="TemaTest.AppTest" time="0.001"/>
  <testcase name="testUnlikePostSuccessfully()" classname="TemaTest.AppTest" time="0.001"/>
  <testcase name="testGetMostCommentedPostsNoPassword()" classname="TemaTest.AppTest" time="0.001"/>
  <testcase name="testUnlikePostAlreadyLiked()" classname="TemaTest.AppTest" time="0.001"/>
  <testcase name="testGetMostCommentedPostsSuccessfully()" classname="TemaTest.AppTest" time="0.003"/>
  <testcase name="testUserPostsIdWrong()" classname="TemaTest.AppTest" time="0.0"/>
  <testcase name="testPostDetailsLoginCredentialsAreWrong()" classname="TemaTest.AppTest" time="0.0"/>
  <testcase name="testUnlikePostNotFound()" classname="TemaTest.AppTest" time="0.001"/>
  <testcase name="testPostDetailsIdWrongSecond()" classname="TemaTest.AppTest" time="0.001"/>
  <testcase name="testGetMostFollowedPostsNoPassword()" classname="TemaTest.AppTest" time="0.0"/>
  <testcase name="testCommentPostUsernameDoesNotExists()" classname="TemaTest.AppTest" time="0.001"/>
  <testcase name="testFollowWrongCredentials()" classname="TemaTest.AppTest" time="0.0"/>
  <testcase name="testCommentPostWithNoText()" classname="TemaTest.AppTest" time="0.0"/>
  <testcase name="testUnfollowSuccessfully()" classname="TemaTest.AppTest" time="0.0"/>
  <testcase name="testLikePostNoUsername()" classname="TemaTest.AppTest" time="0.001"/>
  <testcase name="testUnlikeCommentNotFound()" classname="TemaTest.AppTest" time="0.0"/>
  <testcase name="testUserPostsAlreadyUnfollowing()" classname="TemaTest.AppTest" time="0.001"/>
  <testcase name="testGetMostLikedUsersNoPassword()" classname="TemaTest.AppTest" time="0.001"/>
  <testcase name="testCommentPostNoPassword()" classname="TemaTest.AppTest" time="0.0"/>
  <testcase name="testGetMostCommentedPostsLoginCredentialsAreWrong()" classname="TemaTest.AppTest" time="0.001"/>
  <testcase name="testUserPostsLoginCredentialsAreWrong()" classname="TemaTest.AppTest" time="0.0"/>
  <testcase name="testFollowIdWrong()" classname="TemaTest.AppTest" time="0.001"/>
  <testcase name="testUnlikePostLoginCredentialsAreWrong()" classname="TemaTest.AppTest" time="0.0"/>
  <testcase name="testDeletePostUsernameDoesNotExists()" classname="TemaTest.AppTest" time="0.0"/>
  <testcase name="testLikeCommentSuccessfully()" classname="TemaTest.AppTest" time="0.001"/>
  <testcase name="testCommentPostSuccessfully()" classname="TemaTest.AppTest" time="0.0"/>
  <testcase name="testGetFollowersWrong()" classname="TemaTest.AppTest" time="0.0"/>
  <testcase name="testCreateUserUserCreatedSuccesfully()" classname="TemaTest.AppTest" time="0.001"/>
  <testcase name="testGetFollowersUsernameDoesNotExists()" classname="TemaTest.AppTest" time="0.0"/>
  <testcase name="testLikeCommentAlreadyLiked()" classname="TemaTest.AppTest" time="0.001"/>
  <testcase name="testGetFollowersSuccessfully()" classname="TemaTest.AppTest" time="0.001"/>
  <testcase name="testUnfollowNoUsername()" classname="TemaTest.AppTest" time="0.0"/>
  <testcase name="testPostDetailsIdNotFound()" classname="TemaTest.AppTest" time="0.001"/>
  <testcase name="testFollowNoPassword()" classname="TemaTest.AppTest" time="0.001"/>
  <testcase name="testCreateUserNoPassword()" classname="TemaTest.AppTest" time="0.0"/>
  <testcase name="testGetFollowersNoPassword()" classname="TemaTest.AppTest" time="0.0"/>
  <testcase name="testLikeCommentNoPassword()" classname="TemaTest.AppTest" time="0.0"/>
  <testcase name="testUnlikeCommentUsernameDoesNotExists()" classname="TemaTest.AppTest" time="0.0"/>
  <testcase name="testCreatePostUserNameDoesNotExist()" classname="TemaTest.AppTest" time="0.001"/>
  <testcase name="testUserPostsNotFound()" classname="TemaTest.AppTest" time="0.0"/>
  <testcase name="testLikePostIdWrong()" classname="TemaTest.AppTest" time="0.0"/>
  <testcase name="testPostDetailsNoPassword()" classname="TemaTest.AppTest" time="0.0"/>
  <testcase name="testUnfollowNotFound()" classname="TemaTest.AppTest" time="0.0"/>
  <testcase name="testDeletePostSuccessfully()" classname="TemaTest.AppTest" time="0.003"/>
  <testcase name="testCreatePostNoUsername()" classname="TemaTest.AppTest" time="0.001"/>
  <testcase name="testGetMostLikedPostsSuccessfully()" classname="TemaTest.AppTest" time="0.002"/>
  <testcase name="testUnlikePostUsernameDoesNotExists()" classname="TemaTest.AppTest" time="0.001"/>
  <testcase name="testUnlikePostNoUsername()" classname="TemaTest.AppTest" time="0.003"/>
  <testcase name="testGetMostFollowedPostsUsernameDoesNotExists()" classname="TemaTest.AppTest" time="0.003"/>
  <testcase name="testDeleteCommentSuccessfully()" classname="TemaTest.AppTest" time="0.002"/>
  <testcase name="testPostDetailsUsernameDoesNotExists()" classname="TemaTest.AppTest" time="0.001"/>
  <testcase name="testDeletePostLoginCredentialsAreWrong()" classname="TemaTest.AppTest" time="0.003"/>
  <testcase name="testLikeCommentNotFound()" classname="TemaTest.AppTest" time="0.002"/>
  <testcase name="testUserPostsSuccessfully()" classname="TemaTest.AppTest" time="0.03"/>
  <testcase name="testDeletePostNoUsername()" classname="TemaTest.AppTest" time="0.001"/>
  <testcase name="testLikePostNoPassword()" classname="TemaTest.AppTest" time="0.001"/>
  <testcase name="testLikePostUsernameDoesNotExists()" classname="TemaTest.AppTest" time="0.001"/>
  <testcase name="testFollowingsSuccessfully()" classname="TemaTest.AppTest" time="0.006"/>
  <testcase name="testFollowAlreadyFollowing()" classname="TemaTest.AppTest" time="0.0"/>
  <testcase name="testUnfollowUsernameDoesNotExists()" classname="TemaTest.AppTest" time="0.0"/>
  <testcase name="testDeleteCommentUsernameDoesNotExists()" classname="TemaTest.AppTest" time="0.001"/>
  <testcase name="testUnfollowAlreadyFollowing()" classname="TemaTest.AppTest" time="0.001"/>
  <testcase name="testCreatePostLoginCredentialsAreWrong()" classname="TemaTest.AppTest" time="0.001"/>
  <testcase name="testDeleteCommentNoPermissions()" classname="TemaTest.AppTest" time="0.003"/>
  <testcase name="testCreateUserUserAlreadyExists()" classname="TemaTest.AppTest" time="0.002"/>
  <testcase name="testGetFollowingLoginCredentialsAreWrong()" classname="TemaTest.AppTest" time="0.001"/>
  <testcase name="testUserPostsNoUsername()" classname="TemaTest.AppTest" time="0.0"/>
  <testcase name="testGetFollowingNoUsername()" classname="TemaTest.AppTest" time="0.001"/>
  <testcase name="testDeleteCommentNoUsername()" classname="TemaTest.AppTest" time="0.0"/>
  <testcase name="testFollowNotFound()" classname="TemaTest.AppTest" time="0.0"/>
  <testcase name="testGetMostLikedPostsLoginCredentialsAreWrong()" classname="TemaTest.AppTest" time="0.011"/>
  <testcase name="testUnfollowNoPassword()" classname="TemaTest.AppTest" time="0.0"/>
  <testcase name="testGetMostFollowedPostsLoginCredentialsAreWrong()" classname="TemaTest.AppTest" time="0.001"/>
  <testcase name="testFollowingsNoUsername()" classname="TemaTest.AppTest" time="0.001"/>
  <testcase name="testUnlikePostIdWrong()" classname="TemaTest.AppTest" time="0.0"/>
  <testcase name="testUnlikeCommentNoUsername()" classname="TemaTest.AppTest" time="0.0"/>
  <testcase name="testGetMostLikedUsersUsernameDoesNotExists()" classname="TemaTest.AppTest" time="0.001"/>
  <testcase name="testCreatePostWithNoText()" classname="TemaTest.AppTest" time="0.001"/>
  <testcase name="testFollowUserDoesNotExists()" classname="TemaTest.AppTest" time="0.001"/>
  <testcase name="testGetMostLikedPostsNoUsername()" classname="TemaTest.AppTest" time="0.0"/>
  <testcase name="testLikeCommentIdWrong()" classname="TemaTest.AppTest" time="0.001"/>
  <testcase name="testUnlikeCommentLoginCredentialsAreWrong()" classname="TemaTest.AppTest" time="0.0"/>
  <testcase name="testDeleteCommentWrong()" classname="TemaTest.AppTest" time="0.001"/>
  <testcase name="testGetMostCommentedPostsNoUsername()" classname="TemaTest.AppTest" time="0.0"/>
  <system-out><![CDATA[{ 'status' : 'ok', 'message' : 'Cleanup finished successfully'}
{ 'status' : 'ok', 'message' : 'Cleanup finished successfully'}
{ 'status' : 'ok', 'message' : 'Cleanup finished successfully'}
{ 'status' : 'ok', 'message' : 'Cleanup finished successfully'}
{ 'status' : 'ok', 'message' : 'Cleanup finished successfully'}
{ 'status' : 'ok', 'message' : 'Cleanup finished successfully'}
{ 'status' : 'ok', 'message' : 'Cleanup finished successfully'}
{ 'status' : 'ok', 'message' : 'Cleanup finished successfully'}
{ 'status' : 'ok', 'message' : 'Cleanup finished successfully'}
{ 'status' : 'ok', 'message' : 'Cleanup finished successfully'}
{ 'status' : 'ok', 'message' : 'Cleanup finished successfully'}
{ 'status' : 'ok', 'message' : 'Cleanup finished successfully'}
{ 'status' : 'ok', 'message' : 'Cleanup finished successfully'}
{ 'status' : 'ok', 'message' : 'Cleanup finished successfully'}
{ 'status' : 'ok', 'message' : 'Cleanup finished successfully'}
{ 'status' : 'ok', 'message' : 'Cleanup finished successfully'}
{ 'status' : 'ok', 'message' : 'Cleanup finished successfully'}
{ 'status' : 'ok', 'message' : 'Cleanup finished successfully'}
{ 'status' : 'ok', 'message' : 'Cleanup finished successfully'}
{ 'status' : 'ok', 'message' : 'Cleanup finished successfully'}
{ 'status' : 'ok', 'message' : 'Cleanup finished successfully'}
{ 'status' : 'ok', 'message' : 'Cleanup finished successfully'}
{ 'status' : 'ok', 'message' : 'Cleanup finished successfully'}
{ 'status' : 'ok', 'message' : 'Cleanup finished successfully'}
{ 'status' : 'ok', 'message' : 'Cleanup finished successfully'}
{ 'status' : 'ok', 'message' : 'Cleanup finished successfully'}
{ 'status' : 'ok', 'message' : 'Cleanup finished successfully'}
{ 'status' : 'ok', 'message' : 'Cleanup finished successfully'}
{ 'status' : 'ok', 'message' : 'Cleanup finished successfully'}
{ 'status' : 'ok', 'message' : 'Cleanup finished successfully'}
{ 'status' : 'ok', 'message' : 'Cleanup finished successfully'}
{ 'status' : 'ok', 'message' : 'Cleanup finished successfully'}
{ 'status' : 'ok', 'message' : 'Cleanup finished successfully'}
{ 'status' : 'ok', 'message' : 'Cleanup finished successfully'}
{ 'status' : 'ok', 'message' : 'Cleanup finished successfully'}
{ 'status' : 'ok', 'message' : 'Cleanup finished successfully'}
{ 'status' : 'ok', 'message' : 'Cleanup finished successfully'}
{ 'status' : 'ok', 'message' : 'Cleanup finished successfully'}
{ 'status' : 'ok', 'message' : 'Cleanup finished successfully'}
{ 'status' : 'ok', 'message' : 'Cleanup finished successfully'}
{ 'status' : 'ok', 'message' : 'Cleanup finished successfully'}
{ 'status' : 'ok', 'message' : 'Cleanup finished successfully'}
{ 'status' : 'ok', 'message' : 'Cleanup finished successfully'}
{ 'status' : 'ok', 'message' : 'Cleanup finished successfully'}
{ 'status' : 'ok', 'message' : 'Cleanup finished successfully'}
{ 'status' : 'ok', 'message' : 'Cleanup finished successfully'}
{ 'status' : 'ok', 'message' : 'Cleanup finished successfully'}
{ 'status' : 'ok', 'message' : 'Cleanup finished successfully'}
{ 'status' : 'ok', 'message' : 'Cleanup finished successfully'}
{ 'status' : 'ok', 'message' : 'Cleanup finished successfully'}
{ 'status' : 'ok', 'message' : 'Cleanup finished successfully'}
{ 'status' : 'ok', 'message' : 'Cleanup finished successfully'}
{ 'status' : 'ok', 'message' : 'Cleanup finished successfully'}
{ 'status' : 'ok', 'message' : 'Cleanup finished successfully'}
{ 'status' : 'ok', 'message' : 'Cleanup finished successfully'}
{ 'status' : 'ok', 'message' : 'Cleanup finished successfully'}
{ 'status' : 'ok', 'message' : 'Cleanup finished successfully'}
{ 'status' : 'ok', 'message' : 'Cleanup finished successfully'}
{ 'status' : 'ok', 'message' : 'Cleanup finished successfully'}
{ 'status' : 'ok', 'message' : 'Cleanup finished successfully'}
{ 'status' : 'ok', 'message' : 'Cleanup finished successfully'}
{ 'status' : 'ok', 'message' : 'Cleanup finished successfully'}
{ 'status' : 'ok', 'message' : 'Cleanup finished successfully'}
{ 'status' : 'ok', 'message' : 'Cleanup finished successfully'}
{ 'status' : 'ok', 'message' : 'Cleanup finished successfully'}
{ 'status' : 'ok', 'message' : 'Cleanup finished successfully'}
{ 'status' : 'ok', 'message' : 'Cleanup finished successfully'}
{ 'status' : 'ok', 'message' : 'Cleanup finished successfully'}
{ 'status' : 'ok', 'message' : 'Cleanup finished successfully'}
{ 'status' : 'ok', 'message' : 'Cleanup finished successfully'}
{ 'status' : 'ok', 'message' : 'Cleanup finished successfully'}
{ 'status' : 'ok', 'message' : 'Cleanup finished successfully'}
{ 'status' : 'ok', 'message' : 'Cleanup finished successfully'}
{ 'status' : 'ok', 'message' : 'Cleanup finished successfully'}
{ 'status' : 'ok', 'message' : 'Cleanup finished successfully'}
{ 'status' : 'ok', 'message' : 'Cleanup finished successfully'}
{ 'status' : 'ok', 'message' : 'Cleanup finished successfully'}
{ 'status' : 'ok', 'message' : 'Cleanup finished successfully'}
{ 'status' : 'ok', 'message' : 'Cleanup finished successfully'}
{ 'status' : 'ok', 'message' : 'Cleanup finished successfully'}
{ 'status' : 'ok', 'message' : 'Cleanup finished successfully'}
{ 'status' : 'ok', 'message' : 'Cleanup finished successfully'}
{ 'status' : 'ok', 'message' : 'Cleanup finished successfully'}
{ 'status' : 'ok', 'message' : 'Cleanup finished successfully'}
{ 'status' : 'ok', 'message' : 'Cleanup finished successfully'}
{ 'status' : 'ok', 'message' : 'Cleanup finished successfully'}
{ 'status' : 'ok', 'message' : 'Cleanup finished successfully'}
{ 'status' : 'ok', 'message' : 'Cleanup finished successfully'}
{ 'status' : 'ok', 'message' : 'Cleanup finished successfully'}
{ 'status' : 'ok', 'message' : 'Cleanup finished successfully'}
{ 'status' : 'ok', 'message' : 'Cleanup finished successfully'}
{ 'status' : 'ok', 'message' : 'Cleanup finished successfully'}
{ 'status' : 'ok', 'message' : 'Cleanup finished successfully'}
{ 'status' : 'ok', 'message' : 'Cleanup finished successfully'}
{ 'status' : 'ok', 'message' : 'Cleanup finished successfully'}
{ 'status' : 'ok', 'message' : 'Cleanup finished successfully'}
{ 'status' : 'ok', 'message' : 'Cleanup finished successfully'}
{ 'status' : 'ok', 'message' : 'Cleanup finished successfully'}
{ 'status' : 'ok', 'message' : 'Cleanup finished successfully'}
{ 'status' : 'ok', 'message' : 'Cleanup finished successfully'}
{ 'status' : 'ok', 'message' : 'Cleanup finished successfully'}
{ 'status' : 'ok', 'message' : 'Cleanup finished successfully'}
{ 'status' : 'ok', 'message' : 'Cleanup finished successfully'}
{ 'status' : 'ok', 'message' : 'Cleanup finished successfully'}
{ 'status' : 'ok', 'message' : 'Cleanup finished successfully'}
{ 'status' : 'ok', 'message' : 'Cleanup finished successfully'}
{ 'status' : 'ok', 'message' : 'Cleanup finished successfully'}
{ 'status' : 'ok', 'message' : 'Cleanup finished successfully'}
{ 'status' : 'ok', 'message' : 'Cleanup finished successfully'}
{ 'status' : 'ok', 'message' : 'Cleanup finished successfully'}
{ 'status' : 'ok', 'message' : 'Cleanup finished successfully'}
{ 'status' : 'ok', 'message' : 'Cleanup finished successfully'}
{ 'status' : 'ok', 'message' : 'Cleanup finished successfully'}
{ 'status' : 'ok', 'message' : 'Cleanup finished successfully'}
{ 'status' : 'ok', 'message' : 'Cleanup finished successfully'}
{ 'status' : 'ok', 'message' : 'Cleanup finished successfully'}
{ 'status' : 'ok', 'message' : 'Cleanup finished successfully'}
{ 'status' : 'ok', 'message' : 'Cleanup finished successfully'}
{ 'status' : 'ok', 'message' : 'Cleanup finished successfully'}
{ 'status' : 'ok', 'message' : 'Cleanup finished successfully'}
{ 'status' : 'ok', 'message' : 'Cleanup finished successfully'}
{ 'status' : 'ok', 'message' : 'Cleanup finished successfully'}
{ 'status' : 'ok', 'message' : 'Cleanup finished successfully'}
{ 'status' : 'ok', 'message' : 'Cleanup finished successfully'}
{ 'status' : 'ok', 'message' : 'Cleanup finished successfully'}
{ 'status' : 'ok', 'message' : 'Cleanup finished successfully'}
{ 'status' : 'ok', 'message' : 'Cleanup finished successfully'}
{ 'status' : 'ok', 'message' : 'Cleanup finished successfully'}
{ 'status' : 'ok', 'message' : 'Cleanup finished successfully'}
{ 'status' : 'ok', 'message' : 'Cleanup finished successfully'}
{ 'status' : 'ok', 'message' : 'Cleanup finished successfully'}
{ 'status' : 'ok', 'message' : 'Cleanup finished successfully'}
{ 'status' : 'ok', 'message' : 'Cleanup finished successfully'}
]]></system-out>
  <system-err><![CDATA[]]></system-err>
</testsuite>
